# JRE version: OpenJDK Runtime Environment (7.0_95) (build 1.7.0_95-b00)
# Java VM: OpenJDK 64-Bit Server VM (24.95-b01 mixed mode linux-amd64 compressed oops)
Heap
 PSYoungGen      total 48640K, used 20472K [0x00000007acc80000, 0x00000007b0980000, 0x0000000800000000)
  eden space 44032K, 37% used [0x00000007acc80000,0x00000007adc7d5f0,0x00000007af780000)
  from space 4608K, 88% used [0x00000007af780000,0x00000007afb80d20,0x00000007afc00000)
  to   space 4608K, 0% used [0x00000007b0500000,0x00000007b0500000,0x00000007b0980000)
 ParOldGen       total 169984K, used 69104K [0x0000000706600000, 0x0000000710c00000, 0x00000007acc80000)
  object space 169984K, 40% used [0x0000000706600000,0x000000070a97c098,0x0000000710c00000)
 PSPermGen       total 21504K, used 12715K [0x00000006fc000000, 0x00000006fd500000, 0x0000000706600000)
  object space 21504K, 59% used [0x00000006fc000000,0x00000006fcc6ac38,0x00000006fd500000)
GC Heap History (10 events):
Event: 162.890 GC heap before
{Heap before GC invocations=489 (full 0):
 PSYoungGen      total 34816K, used 32942K [0x00000007acc80000, 0x00000007af300000, 0x0000000800000000)
  eden space 30208K, 100% used [0x00000007acc80000,0x00000007aea00000,0x00000007aea00000)
  from space 4608K, 59% used [0x00000007aee80000,0x00000007af12b990,0x00000007af300000)
  to   space 4608K, 0% used [0x00000007aea00000,0x00000007aea00000,0x00000007aee80000)
 ParOldGen       total 169984K, used 68976K [0x0000000706600000, 0x0000000710c00000, 0x00000007acc80000)
  object space 169984K, 40% used [0x0000000706600000,0x000000070a95c098,0x0000000710c00000)
 PSPermGen       total 21504K, used 12698K [0x00000006fc000000, 0x00000006fd500000, 0x0000000706600000)
  object space 21504K, 59% used [0x00000006fc000000,0x00000006fcc668d0,0x00000006fd500000)
Event: 162.899 GC heap after
Heap after GC invocations=489 (full 0):
 PSYoungGen      total 34816K, used 3384K [0x00000007acc80000, 0x00000007af900000, 0x0000000800000000)
  eden space 30208K, 0% used [0x00000007acc80000,0x00000007acc80000,0x00000007aea00000)
  from space 4608K, 73% used [0x00000007aea00000,0x00000007aed4e210,0x00000007aee80000)
  to   space 4608K, 0% used [0x00000007af480000,0x00000007af480000,0x00000007af900000)
 ParOldGen       total 169984K, used 69000K [0x0000000706600000, 0x0000000710c00000, 0x00000007acc80000)
  object space 169984K, 40% used [0x0000000706600000,0x000000070a962098,0x0000000710c00000)
 PSPermGen       total 21504K, used 12698K [0x00000006fc000000, 0x00000006fd500000, 0x0000000706600000)
  object space 21504K, 59% used [0x00000006fc000000,0x00000006fcc668d0,0x00000006fd500000)
}
Event: 163.140 GC heap before
{Heap before GC invocations=490 (full 0):
 PSYoungGen      total 34816K, used 33561K [0x00000007acc80000, 0x00000007af900000, 0x0000000800000000)
  eden space 30208K, 99% used [0x00000007acc80000,0x00000007ae9f82f8,0x00000007aea00000)
  from space 4608K, 73% used [0x00000007aea00000,0x00000007aed4e210,0x00000007aee80000)
  to   space 4608K, 0% used [0x00000007af480000,0x00000007af480000,0x00000007af900000)
 ParOldGen       total 169984K, used 69000K [0x0000000706600000, 0x0000000710c00000, 0x00000007acc80000)
  object space 169984K, 40% used [0x0000000706600000,0x000000070a962098,0x0000000710c00000)
 PSPermGen       total 21504K, used 12698K [0x00000006fc000000, 0x00000006fd500000, 0x0000000706600000)
  object space 21504K, 59% used [0x00000006fc000000,0x00000006fcc668d0,0x00000006fd500000)
Event: 163.142 GC heap after
Heap after GC invocations=490 (full 0):
 PSYoungGen      total 40960K, used 2766K [0x00000007acc80000, 0x00000007af900000, 0x0000000800000000)
  eden space 36352K, 0% used [0x00000007acc80000,0x00000007acc80000,0x00000007af000000)
  from space 4608K, 60% used [0x00000007af480000,0x00000007af733ad0,0x00000007af900000)
  to   space 4608K, 0% used [0x00000007af000000,0x00000007af000000,0x00000007af480000)
 ParOldGen       total 169984K, used 69040K [0x0000000706600000, 0x0000000710c00000, 0x00000007acc80000)
  object space 169984K, 40% used [0x0000000706600000,0x000000070a96c098,0x0000000710c00000)
 PSPermGen       total 21504K, used 12698K [0x00000006fc000000, 0x00000006fd500000, 0x0000000706600000)
  object space 21504K, 59% used [0x00000006fc000000,0x00000006fcc668d0,0x00000006fd500000)
}
Event: 163.426 GC heap before
{Heap before GC invocations=491 (full 0):
 PSYoungGen      total 40960K, used 38892K [0x00000007acc80000, 0x00000007af900000, 0x0000000800000000)
  eden space 36352K, 99% used [0x00000007acc80000,0x00000007aefc77e8,0x00000007af000000)
  from space 4608K, 60% used [0x00000007af480000,0x00000007af733ad0,0x00000007af900000)
  to   space 4608K, 0% used [0x00000007af000000,0x00000007af000000,0x00000007af480000)
 ParOldGen       total 169984K, used 69040K [0x0000000706600000, 0x0000000710c00000, 0x00000007acc80000)
  object space 169984K, 40% used [0x0000000706600000,0x000000070a96c098,0x0000000710c00000)
 PSPermGen       total 21504K, used 12698K [0x00000006fc000000, 0x00000006fd500000, 0x0000000706600000)
  object space 21504K, 59% used [0x00000006fc000000,0x00000006fcc668d0,0x00000006fd500000)
Event: 163.427 GC heap after
Heap after GC invocations=491 (full 0):
 PSYoungGen      total 40960K, used 2798K [0x00000007acc80000, 0x00000007b0080000, 0x0000000800000000)
  eden space 36352K, 0% used [0x00000007acc80000,0x00000007acc80000,0x00000007af000000)
  from space 4608K, 60% used [0x00000007af000000,0x00000007af2bbba0,0x00000007af480000)
  to   space 4608K, 0% used [0x00000007afc00000,0x00000007afc00000,0x00000007b0080000)
 ParOldGen       total 169984K, used 69056K [0x0000000706600000, 0x0000000710c00000, 0x00000007acc80000)
  object space 169984K, 40% used [0x0000000706600000,0x000000070a970098,0x0000000710c00000)
 PSPermGen       total 21504K, used 12698K [0x00000006fc000000, 0x00000006fd500000, 0x0000000706600000)
  object space 21504K, 59% used [0x00000006fc000000,0x00000006fcc668d0,0x00000006fd500000)
}
Event: 163.699 GC heap before
{Heap before GC invocations=492 (full 0):
 PSYoungGen      total 40960K, used 38934K [0x00000007acc80000, 0x00000007b0080000, 0x0000000800000000)
  eden space 36352K, 99% used [0x00000007acc80000,0x00000007aefc9d98,0x00000007af000000)
  from space 4608K, 60% used [0x00000007af000000,0x00000007af2bbba0,0x00000007af480000)
  to   space 4608K, 0% used [0x00000007afc00000,0x00000007afc00000,0x00000007b0080000)
 ParOldGen       total 169984K, used 69056K [0x0000000706600000, 0x0000000710c00000, 0x00000007acc80000)
  object space 169984K, 40% used [0x0000000706600000,0x000000070a970098,0x0000000710c00000)
 PSPermGen       total 21504K, used 12698K [0x00000006fc000000, 0x00000006fd500000, 0x0000000706600000)
  object space 21504K, 59% used [0x00000006fc000000,0x00000006fcc668d0,0x00000006fd500000)
Event: 163.701 GC heap after
Heap after GC invocations=492 (full 0):
 PSYoungGen      total 48640K, used 3417K [0x00000007acc80000, 0x00000007b0080000, 0x0000000800000000)
  eden space 44032K, 0% used [0x00000007acc80000,0x00000007acc80000,0x00000007af780000)
  from space 4608K, 74% used [0x00000007afc00000,0x00000007aff56440,0x00000007b0080000)
  to   space 4608K, 0% used [0x00000007af780000,0x00000007af780000,0x00000007afc00000)
 ParOldGen       total 169984K, used 69080K [0x0000000706600000, 0x0000000710c00000, 0x00000007acc80000)
  object space 169984K, 40% used [0x0000000706600000,0x000000070a976098,0x0000000710c00000)
 PSPermGen       total 21504K, used 12698K [0x00000006fc000000, 0x00000006fd500000, 0x0000000706600000)
  object space 21504K, 59% used [0x00000006fc000000,0x00000006fcc668d0,0x00000006fd500000)
}
Event: 164.039 GC heap before
{Heap before GC invocations=493 (full 0):
 PSYoungGen      total 48640K, used 47449K [0x00000007acc80000, 0x00000007b0080000, 0x0000000800000000)
  eden space 44032K, 100% used [0x00000007acc80000,0x00000007af780000,0x00000007af780000)
  from space 4608K, 74% used [0x00000007afc00000,0x00000007aff56440,0x00000007b0080000)
  to   space 4608K, 0% used [0x00000007af780000,0x00000007af780000,0x00000007afc00000)
 ParOldGen       total 169984K, used 69080K [0x0000000706600000, 0x0000000710c00000, 0x00000007acc80000)
  object space 169984K, 40% used [0x0000000706600000,0x000000070a976098,0x0000000710c00000)
 PSPermGen       total 21504K, used 12698K [0x00000006fc000000, 0x00000006fd500000, 0x0000000706600000)
  object space 21504K, 59% used [0x00000006fc000000,0x00000006fcc668d0,0x00000006fd500000)
Event: 164.045 GC heap after
Heap after GC invocations=493 (full 0):
 PSYoungGen      total 48640K, used 4099K [0x00000007acc80000, 0x00000007b0980000, 0x0000000800000000)
  eden space 44032K, 0% used [0x00000007acc80000,0x00000007acc80000,0x00000007af780000)
  from space 4608K, 88% used [0x00000007af780000,0x00000007afb80d20,0x00000007afc00000)
  to   space 4608K, 0% used [0x00000007b0500000,0x00000007b0500000,0x00000007b0980000)
 ParOldGen       total 169984K, used 69104K [0x0000000706600000, 0x0000000710c00000, 0x00000007acc80000)
  object space 169984K, 40% used [0x0000000706600000,0x000000070a97c098,0x0000000710c00000)
 PSPermGen       total 21504K, used 12698K [0x00000006fc000000, 0x00000006fd500000, 0x0000000706600000)
  object space 21504K, 59% used [0x00000006fc000000,0x00000006fcc668d0,0x00000006fd500000)
}

